<?xml version="1.0" encoding="UTF-8"?>
<!-- Generated by org.testng.reporters.JUnitReportReporter -->
<testsuite hostname="remigesadm-Latitude-3420" failures="0" tests="1" name="com.tests.LoginTest" time="24.505" errors="0" timestamp="2025-04-30T11:26:08 IST" skipped="0">
  <testcase classname="com.tests.LoginTest" name="testValidLogin" time="24.505"/>
</testsuite> <!-- com.tests.LoginTest -->
